# JRE version: Java(TM) SE Runtime Environment (8.0_73-b02) (build 1.8.0_73-b02)
# Java VM: Java HotSpot(TM) 64-Bit Server VM (25.73-b02 mixed mode windows-amd64 compressed oops)
Heap:
 PSYoungGen      total 45056K, used 7476K [0x00000000eab00000, 0x00000000eec00000, 0x0000000100000000)
  eden space 34304K, 8% used [0x00000000eab00000,0x00000000eadb86c0,0x00000000ecc80000)
  from space 10752K, 43% used [0x00000000ecc80000,0x00000000ed114d20,0x00000000ed700000)
  to   space 10240K, 0% used [0x00000000ee200000,0x00000000ee200000,0x00000000eec00000)
 ParOldGen       total 70144K, used 16709K [0x00000000c0000000, 0x00000000c4480000, 0x00000000eab00000)
  object space 70144K, 23% used [0x00000000c0000000,0x00000000c1051558,0x00000000c4480000)
 Metaspace       used 35984K, capacity 36702K, committed 36864K, reserved 1081344K
  class space    used 4807K, capacity 5022K, committed 5120K, reserved 1048576K
GC Heap History (10 events):
Event: 43.619 GC heap before
{Heap before GC invocations=11 (full 1):
 PSYoungGen      total 41472K, used 33344K [0x00000000eab00000, 0x00000000eeb80000, 0x0000000100000000)
  eden space 31232K, 100% used [0x00000000eab00000,0x00000000ec980000,0x00000000ec980000)
  from space 10240K, 20% used [0x00000000ec980000,0x00000000ecb90000,0x00000000ed380000)
  to   space 10752K, 0% used [0x00000000ee100000,0x00000000ee100000,0x00000000eeb80000)
 ParOldGen       total 48128K, used 13586K [0x00000000c0000000, 0x00000000c2f00000, 0x00000000eab00000)
  object space 48128K, 28% used [0x00000000c0000000,0x00000000c0d44aa0,0x00000000c2f00000)
 Metaspace       used 30531K, capacity 31008K, committed 31104K, reserved 1077248K
  class space    used 4058K, capacity 4194K, committed 4224K, reserved 1048576K
Event: 43.631 GC heap after
Heap after GC invocations=11 (full 1):
 PSYoungGen      total 32768K, used 2016K [0x00000000eab00000, 0x00000000ee300000, 0x0000000100000000)
  eden space 30720K, 0% used [0x00000000eab00000,0x00000000eab00000,0x00000000ec900000)
  from space 2048K, 98% used [0x00000000ee100000,0x00000000ee2f8000,0x00000000ee300000)
  to   space 10752K, 0% used [0x00000000ece00000,0x00000000ece00000,0x00000000ed880000)
 ParOldGen       total 48128K, used 14855K [0x00000000c0000000, 0x00000000c2f00000, 0x00000000eab00000)
  object space 48128K, 30% used [0x00000000c0000000,0x00000000c0e81ee0,0x00000000c2f00000)
 Metaspace       used 30531K, capacity 31008K, committed 31104K, reserved 1077248K
  class space    used 4058K, capacity 4194K, committed 4224K, reserved 1048576K
}
Event: 45.367 GC heap before
{Heap before GC invocations=12 (full 1):
 PSYoungGen      total 32768K, used 32736K [0x00000000eab00000, 0x00000000ee300000, 0x0000000100000000)
  eden space 30720K, 100% used [0x00000000eab00000,0x00000000ec900000,0x00000000ec900000)
  from space 2048K, 98% used [0x00000000ee100000,0x00000000ee2f8000,0x00000000ee300000)
  to   space 10752K, 0% used [0x00000000ece00000,0x00000000ece00000,0x00000000ed880000)
 ParOldGen       total 48128K, used 14855K [0x00000000c0000000, 0x00000000c2f00000, 0x00000000eab00000)
  object space 48128K, 30% used [0x00000000c0000000,0x00000000c0e81ee0,0x00000000c2f00000)
 Metaspace       used 32733K, capacity 33470K, committed 33536K, reserved 1079296K
  class space    used 4335K, capacity 4572K, committed 4608K, reserved 1048576K
Event: 45.377 GC heap after
Heap after GC invocations=12 (full 1):
 PSYoungGen      total 33280K, used 2717K [0x00000000eab00000, 0x00000000ee180000, 0x0000000100000000)
  eden space 30208K, 0% used [0x00000000eab00000,0x00000000eab00000,0x00000000ec880000)
  from space 3072K, 88% used [0x00000000ece00000,0x00000000ed0a7710,0x00000000ed100000)
  to   space 10752K, 0% used [0x00000000ed700000,0x00000000ed700000,0x00000000ee180000)
 ParOldGen       total 48128K, used 16443K [0x00000000c0000000, 0x00000000c2f00000, 0x00000000eab00000)
  object space 48128K, 34% used [0x00000000c0000000,0x00000000c100ef60,0x00000000c2f00000)
 Metaspace       used 32733K, capacity 33470K, committed 33536K, reserved 1079296K
  class space    used 4335K, capacity 4572K, committed 4608K, reserved 1048576K
}
Event: 46.441 GC heap before
{Heap before GC invocations=13 (full 1):
 PSYoungGen      total 33280K, used 27802K [0x00000000eab00000, 0x00000000ee180000, 0x0000000100000000)
  eden space 30208K, 83% used [0x00000000eab00000,0x00000000ec37f218,0x00000000ec880000)
  from space 3072K, 88% used [0x00000000ece00000,0x00000000ed0a7710,0x00000000ed100000)
  to   space 10752K, 0% used [0x00000000ed700000,0x00000000ed700000,0x00000000ee180000)
 ParOldGen       total 48128K, used 16443K [0x00000000c0000000, 0x00000000c2f00000, 0x00000000eab00000)
  object space 48128K, 34% used [0x00000000c0000000,0x00000000c100ef60,0x00000000c2f00000)
 Metaspace       used 34669K, capacity 35368K, committed 35496K, reserved 1079296K
  class space    used 4629K, capacity 4837K, committed 4864K, reserved 1048576K
Event: 46.455 GC heap after
Heap after GC invocations=13 (full 1):
 PSYoungGen      total 45056K, used 3158K [0x00000000eab00000, 0x00000000eea80000, 0x0000000100000000)
  eden space 34304K, 0% used [0x00000000eab00000,0x00000000eab00000,0x00000000ecc80000)
  from space 10752K, 29% used [0x00000000ed700000,0x00000000eda15a80,0x00000000ee180000)
  to   space 10752K, 0% used [0x00000000ecc80000,0x00000000ecc80000,0x00000000ed700000)
 ParOldGen       total 48128K, used 17275K [0x00000000c0000000, 0x00000000c2f00000, 0x00000000eab00000)
  object space 48128K, 35% used [0x00000000c0000000,0x00000000c10def60,0x00000000c2f00000)
 Metaspace       used 34669K, capacity 35368K, committed 35496K, reserved 1079296K
  class space    used 4629K, capacity 4837K, committed 4864K, reserved 1048576K
}
Event: 46.455 GC heap before
{Heap before GC invocations=14 (full 2):
 PSYoungGen      total 45056K, used 3158K [0x00000000eab00000, 0x00000000eea80000, 0x0000000100000000)
  eden space 34304K, 0% used [0x00000000eab00000,0x00000000eab00000,0x00000000ecc80000)
  from space 10752K, 29% used [0x00000000ed700000,0x00000000eda15a80,0x00000000ee180000)
  to   space 10752K, 0% used [0x00000000ecc80000,0x00000000ecc80000,0x00000000ed700000)
 ParOldGen       total 48128K, used 17275K [0x00000000c0000000, 0x00000000c2f00000, 0x00000000eab00000)
  object space 48128K, 35% used [0x00000000c0000000,0x00000000c10def60,0x00000000c2f00000)
 Metaspace       used 34669K, capacity 35368K, committed 35496K, reserved 1079296K
  class space    used 4629K, capacity 4837K, committed 4864K, reserved 1048576K
Event: 46.656 GC heap after
Heap after GC invocations=14 (full 2):
 PSYoungGen      total 45056K, used 0K [0x00000000eab00000, 0x00000000eea80000, 0x0000000100000000)
  eden space 34304K, 0% used [0x00000000eab00000,0x00000000eab00000,0x00000000ecc80000)
  from space 10752K, 0% used [0x00000000ed700000,0x00000000ed700000,0x00000000ee180000)
  to   space 10752K, 0% used [0x00000000ecc80000,0x00000000ecc80000,0x00000000ed700000)
 ParOldGen       total 70144K, used 16701K [0x00000000c0000000, 0x00000000c4480000, 0x00000000eab00000)
  object space 70144K, 23% used [0x00000000c0000000,0x00000000c104f558,0x00000000c4480000)
 Metaspace       used 34592K, capacity 35216K, committed 35496K, reserved 1079296K
  class space    used 4605K, capacity 4809K, committed 4864K, reserved 1048576K
}
Event: 47.453 GC heap before
{Heap before GC invocations=15 (full 2):
 PSYoungGen      total 45056K, used 34304K [0x00000000eab00000, 0x00000000eea80000, 0x0000000100000000)
  eden space 34304K, 100% used [0x00000000eab00000,0x00000000ecc80000,0x00000000ecc80000)
  from space 10752K, 0% used [0x00000000ed700000,0x00000000ed700000,0x00000000ee180000)
  to   space 10752K, 0% used [0x00000000ecc80000,0x00000000ecc80000,0x00000000ed700000)
 ParOldGen       total 70144K, used 16701K [0x00000000c0000000, 0x00000000c4480000, 0x00000000eab00000)
  object space 70144K, 23% used [0x00000000c0000000,0x00000000c104f558,0x00000000c4480000)
 Metaspace       used 35782K, capacity 36510K, committed 36864K, reserved 1081344K
  class space    used 4781K, capacity 5022K, committed 5120K, reserved 1048576K
Event: 47.465 GC heap after
Heap after GC invocations=15 (full 2):
 PSYoungGen      total 45056K, used 4691K [0x00000000eab00000, 0x00000000eec00000, 0x0000000100000000)
  eden space 34304K, 0% used [0x00000000eab00000,0x00000000eab00000,0x00000000ecc80000)
  from space 10752K, 43% used [0x00000000ecc80000,0x00000000ed114d20,0x00000000ed700000)
  to   space 10240K, 0% used [0x00000000ee200000,0x00000000ee200000,0x00000000eec00000)
 ParOldGen       total 70144K, used 16709K [0x00000000c0000000, 0x00000000c4480000, 0x00000000eab00000)
  object space 70144K, 23% used [0x00000000c0000000,0x00000000c1051558,0x00000000c4480000)
 Metaspace       used 35782K, capacity 36510K, committed 36864K, reserved 1081344K
  class space    used 4781K, capacity 5022K, committed 5120K, reserved 1048576K
}

